<?xml version="1.0" encoding="UTF-8"?>
<!-- Generated by org.testng.reporters.JUnitXMLReporter -->
<testsuite hostname="DESKTOP-PBOUCMV" ignored="0" name="Default test" tests="7" failures="0" timestamp="2022-01-08T18:22:35 IST" time="0.098" errors="0">
  <testcase name="amazon" time="0.01" classname="com.testng.features.Grouping_Test"/>
  <testcase name="flipkart" time="0.002" classname="com.testng.features.Grouping_Test"/>
  <testcase name="gpay" time="0.003" classname="com.testng.features.Grouping_Test"/>
  <testcase name="instagram" time="0.002" classname="com.testng.features.Grouping_Test"/>
  <testcase name="myntra" time="0.002" classname="com.testng.features.Grouping_Test"/>
  <testcase name="phonepay" time="0.005" classname="com.testng.features.Grouping_Test"/>
  <testcase name="whatsapp" time="0.001" classname="com.testng.features.Grouping_Test"/>
</testsuite> <!-- Default test -->
