<?xml version="1.0" encoding="UTF-8"?>
<!-- Generated by org.testng.reporters.JUnitXMLReporter -->
<testsuite hostname="DESKTOP-PBOUCMV" ignored="4" name="Test" tests="3" failures="0" timestamp="2022-01-08T18:32:26 IST" time="0.074" errors="0">
  <testcase name="amazon" time="0.01" classname="com.testng.features.Grouping_Test"/>
  <testcase name="flipkart" time="0.001" classname="com.testng.features.Grouping_Test"/>
  <testcase name="myntra" time="0.005" classname="com.testng.features.Grouping_Test"/>
  <testcase name="gpay" time="0.0" classname="com.testng.features.Grouping_Test">
    <ignored/>
  </testcase> <!-- gpay -->
  <testcase name="whatsapp" time="0.0" classname="com.testng.features.Grouping_Test">
    <ignored/>
  </testcase> <!-- whatsapp -->
  <testcase name="instagram" time="0.0" classname="com.testng.features.Grouping_Test">
    <ignored/>
  </testcase> <!-- instagram -->
  <testcase name="phonepay" time="0.0" classname="com.testng.features.Grouping_Test">
    <ignored/>
  </testcase> <!-- phonepay -->
</testsuite> <!-- Test -->
